2022-5-17 星期二 18:13:22	master进入了导航系统
2022-5-17 星期二 18:13:23	master进入了课外管理系统
2022-5-17 星期二 18:15:4	master进入了课程管理系统
2022-5-17 星期二 18:16:45	master进入了课外管理系统
2022-5-17 星期二 18:16:46	master进入了课程管理系统
2022-5-17 星期二 18:25:8	master进入了课程管理系统
2022-5-17 星期二 18:31:50	master进入了课外管理系统
2022-5-17 星期二 18:31:51	master进入了课程管理系统
2022-5-17 星期二 18:33:32	master进入了课外管理系统
2022-5-17 星期二 18:33:33	master进入了课程管理系统
2022-5-17 星期二 18:35:14	master访问了课程
2022-5-17 星期二 18:35:14	master进入了课程管理系统
2022-5-16 星期一 15:16:41	master进入了课程管理系统
2022-5-16 星期一 15:20:2	master进入了课外管理系统
2022-5-16 星期一 15:25:3	master进入了导航系统
2022-5-16 星期一 16:15:4	master进入了导航系统
2022-5-16 星期一 10:0:0	master登录了系统
2022-5-16 星期一 10:11:41	master进入了课程管理系统
2022-5-16 星期一 10:13:22	master访问了课程
2022-5-16 星期一 10:13:22	master下载了计算机组成原理课程的051.png资料
2022-5-16 星期一 10:13:22	master进入了课程管理系统
2022-5-16 星期一 10:16:43	master访问了日志系统
